<?xml version="1.0" encoding="UTF-8"?>
<testsuite name="infrastructure.repository.InMemoryLoggedUserRepositoryTest" tests="2" skipped="0" failures="0" errors="0" timestamp="2020-10-25T14:02:32" hostname="mostro-pepinaco" time="0.065">
  <properties/>
  <testcase name="should add a new connection to the repository()" classname="infrastructure.repository.InMemoryLoggedUserRepositoryTest" time="0.062"/>
  <testcase name="should remove a new connection to the repository()" classname="infrastructure.repository.InMemoryLoggedUserRepositoryTest" time="0.002"/>
  <system-out><![CDATA[]]></system-out>
  <system-err><![CDATA[]]></system-err>
</testsuite>
