<?xml version="1.0" encoding="UTF-8"?>
<testsuite name="application.SendMessageToChatRoomUseCaseTest" tests="2" skipped="0" failures="0" errors="0" timestamp="2020-10-25T14:02:32" hostname="mostro-pepinaco" time="0.004">
  <properties/>
  <testcase name="should not send message if user is not in the channel()" classname="application.SendMessageToChatRoomUseCaseTest" time="0.001"/>
  <testcase name="should throw exception if user is not logged in()" classname="application.SendMessageToChatRoomUseCaseTest" time="0.001"/>
  <system-out><![CDATA[]]></system-out>
  <system-err><![CDATA[]]></system-err>
</testsuite>
