<?xml version="1.0" encoding="UTF-8"?>
<testsuite name="application.LoginChatUseCaseTest" tests="4" skipped="0" failures="0" errors="0" timestamp="2020-10-25T14:02:32" hostname="mostro-pepinaco" time="0.015">
  <properties/>
  <testcase name="should create a new user and connection for incoming new user()" classname="application.LoginChatUseCaseTest" time="0.006"/>
  <testcase name="should not create a user for empty username()" classname="application.LoginChatUseCaseTest" time="0.002"/>
  <testcase name="should not create two users with same username()" classname="application.LoginChatUseCaseTest" time="0.002"/>
  <testcase name="should not create a user for empty password()" classname="application.LoginChatUseCaseTest" time="0.001"/>
  <system-out><![CDATA[DEBUG ---> User bruno registered successfully
DEBUG ---> User bruno logged in to the system
DEBUG ---> Empty username or password not allowed
DEBUG ---> User bruno registered successfully
DEBUG ---> User bruno logged in to the system
DEBUG ---> The password provided for user bruno is incorrect
DEBUG ---> Empty username or password not allowed
]]></system-out>
  <system-err><![CDATA[]]></system-err>
</testsuite>
