<?xml version="1.0" encoding="UTF-8"?>
<testsuite name="application.ExitChatUseCaseTest" tests="2" skipped="0" failures="0" errors="0" timestamp="2020-10-25T14:02:32" hostname="mostro-pepinaco" time="0.006">
  <properties/>
  <testcase name="should not throw exception if user is not logged in()" classname="application.ExitChatUseCaseTest" time="0.002"/>
  <testcase name="should remove connection, remove user from chatrooms and from system if user was logged in and in chat rooms()" classname="application.ExitChatUseCaseTest" time="0.003"/>
  <system-out><![CDATA[DEBUG ---> User bruno registered successfully
DEBUG ---> User bruno logged in to the system
DEBUG ---> [IRCServer] 2020-10-25T16:02:32.612408368 - bruno has joined channel pornoduro

DEBUG ---> [IRCServer] 2020-10-25T16:02:32.612775386 - bruno has joined channel pecadorr

DEBUG ---> [IRCServer] 2020-10-25T16:02:32.613171238 - bruno has left the system

DEBUG ---> You have been logged out from the server
]]></system-out>
  <system-err><![CDATA[]]></system-err>
</testsuite>
