<?xml version="1.0" encoding="UTF-8"?>
<testsuite name="infrastructure.CommandParserTest" tests="1" skipped="0" failures="0" errors="0" timestamp="2020-10-25T14:02:32" hostname="mostro-pepinaco" time="0.024">
  <properties/>
  <testcase name="return 3 parts when 3 spaces are found()" classname="infrastructure.CommandParserTest" time="0.024"/>
  <system-out><![CDATA[]]></system-out>
  <system-err><![CDATA[]]></system-err>
</testsuite>
