<?xml version="1.0" encoding="UTF-8"?>
<testsuite name="application.LeaveChatUseCaseTest" tests="2" skipped="0" failures="0" errors="0" timestamp="2020-10-25T14:02:32" hostname="mostro-pepinaco" time="0.008">
  <properties/>
  <testcase name="should remove logged connection, remove user from chatrooms if user was logged in and was in chat rooms()" classname="application.LeaveChatUseCaseTest" time="0.006"/>
  <testcase name="should throw exception if user is not logged in()" classname="application.LeaveChatUseCaseTest" time="0.001"/>
  <system-out><![CDATA[DEBUG ---> User bruno registered successfully
DEBUG ---> User bruno logged in to the system
DEBUG ---> [IRCServer] 2020-10-25T16:02:32.589022229 - bruno has joined channel pornoduro

DEBUG ---> [IRCServer] 2020-10-25T16:02:32.589536207 - bruno has joined channel pecadorr

DEBUG ---> [IRCServer] 2020-10-25T16:02:32.590900582 - bruno has left the system

DEBUG ---> You have been logged out from the server
]]></system-out>
  <system-err><![CDATA[]]></system-err>
</testsuite>
