<?xml version="1.0" encoding="UTF-8"?>
<testsuite name="application.QuitChatUseCaseTest" tests="8" skipped="0" failures="0" errors="0" timestamp="2020-10-25T14:02:32" hostname="mostro-pepinaco" time="0.036">
  <properties/>
  <testcase name="should not quit from active channel if a channel is given but does not exist()" classname="application.QuitChatUseCaseTest" time="0.003"/>
  <testcase name="should quit from given channel but not active if exists and user is in it but not to join another channel()" classname="application.QuitChatUseCaseTest" time="0.003"/>
  <testcase name="should quit from active channel and set the active connection to null()" classname="application.QuitChatUseCaseTest" time="0.002"/>
  <testcase name="should throw exception if user is not logged in()" classname="application.QuitChatUseCaseTest" time="0.002"/>
  <testcase name="should not quit from any channel if user is not in any channel()" classname="application.QuitChatUseCaseTest" time="0.003"/>
  <testcase name="should quit from given channel if exists and user is in it()" classname="application.QuitChatUseCaseTest" time="0.004"/>
  <testcase name="should not quit from active channel if a channel is given but user is not in it()" classname="application.QuitChatUseCaseTest" time="0.003"/>
  <testcase name="should quit from active channel if none is given()" classname="application.QuitChatUseCaseTest" time="0.004"/>
  <system-out><![CDATA[DEBUG ---> User bruno registered successfully
DEBUG ---> User bruno logged in to the system
DEBUG ---> [IRCServer] 2020-10-25T16:02:32.547870923 - bruno has joined channel pornoduro

DEBUG ---> You were already in channel pornoduro. Set as active channel
DEBUG ---> [IRCServer] 2020-10-25T16:02:32.547870923 - bruno has joined channel pornoduro

DEBUG ---> User bruno registered successfully
DEBUG ---> User bruno logged in to the system
DEBUG ---> [IRCServer] 2020-10-25T16:02:32.551351442 - bruno has joined channel gamer

DEBUG ---> [IRCServer] 2020-10-25T16:02:32.551738559 - bruno has joined channel pornoduro

DEBUG ---> [IRCServer] 2020-10-25T16:02:32.552118501 - bruno has joined channel pililas

DEBUG ---> [IRCServer] 2020-10-25T16:02:32.552521838 - bruno has left this channel

DEBUG ---> You were already in channel pililas. Set as active channel
DEBUG ---> [IRCServer] 2020-10-25T16:02:32.552118501 - bruno has joined channel pililas

DEBUG ---> User bruno registered successfully
DEBUG ---> User bruno logged in to the system
DEBUG ---> [IRCServer] 2020-10-25T16:02:32.556221495 - bruno has joined channel pornoduro

DEBUG ---> [IRCServer] 2020-10-25T16:02:32.556759999 - bruno has left this channel

DEBUG ---> User bruno registered successfully
DEBUG ---> User bruno logged in to the system
DEBUG ---> You are not in any channel at the moment
DEBUG ---> User bruno registered successfully
DEBUG ---> User bruno logged in to the system
DEBUG ---> [IRCServer] 2020-10-25T16:02:32.568109695 - bruno has joined channel gamer

DEBUG ---> [IRCServer] 2020-10-25T16:02:32.568682114 - bruno has joined channel pornoduro

DEBUG ---> [IRCServer] 2020-10-25T16:02:32.569166284 - bruno has joined channel pililas

DEBUG ---> [IRCServer] 2020-10-25T16:02:32.569683258 - bruno has left this channel

DEBUG ---> You were already in channel gamer. Set as active channel
DEBUG ---> [IRCServer] 2020-10-25T16:02:32.568109695 - bruno has joined channel gamer

DEBUG ---> User bruno registered successfully
DEBUG ---> User bruno logged in to the system
DEBUG ---> [IRCServer] 2020-10-25T16:02:32.574100429 - bruno has joined channel pornoduro

DEBUG ---> [IRCServer] 2020-10-25T16:02:32.574720609 - bruno has left this channel

DEBUG ---> You were already in channel pornoduro. Set as active channel
DEBUG ---> [IRCServer] 2020-10-25T16:02:32.574100429 - bruno has joined channel pornoduro

DEBUG ---> User bruno registered successfully
DEBUG ---> User bruno logged in to the system
DEBUG ---> [IRCServer] 2020-10-25T16:02:32.579153219 - bruno has joined channel pornoduro

DEBUG ---> [IRCServer] 2020-10-25T16:02:32.579654913 - bruno has joined channel gamer

DEBUG ---> [IRCServer] 2020-10-25T16:02:32.580216421 - bruno has left this channel

DEBUG ---> You were already in channel pornoduro. Set as active channel
DEBUG ---> [IRCServer] 2020-10-25T16:02:32.579153219 - bruno has joined channel pornoduro

]]></system-out>
  <system-err><![CDATA[]]></system-err>
</testsuite>
